android/app/build/intermediates/manifest_merge_blame_file/release/manifest-merger-blame-release-report.txt
1<?xml version="1.0" encoding="utf-8"?>
2<manifest xmlns:android="http://schemas.android.com/apk/res/android"
3    package="com.prideesports"
4    android:versionCode="1"
5    android:versionName="1.0" >
6
7    <uses-sdk
8        android:minSdkVersion="21"
8-->src\main\AndroidManifest.xml
9        android:targetSdkVersion="33" />
9-->src\main\AndroidManifest.xml
10
11    <uses-permission android:name="android.permission.INTERNET" />
11-->src\main\AndroidManifest.xml:4:5-67
11-->src\main\AndroidManifest.xml:4:22-64
12    <uses-permission android:name="android.permission.CAMERA" />
12-->src\main\AndroidManifest.xml:5:5-64
12-->src\main\AndroidManifest.xml:5:22-62
13    <uses-permission android:name="android.permission.VIBRATE" />
13-->src\main\AndroidManifest.xml:6:5-66
13-->src\main\AndroidManifest.xml:6:22-63
14    <uses-permission android:name="android.permission.RECEIVE_BOOT_COMPLETED" />
14-->src\main\AndroidManifest.xml:7:5-80
14-->src\main\AndroidManifest.xml:7:22-78
15
16    <uses-feature
16-->src\main\AndroidManifest.xml:8:5-85
17        android:name="android.hardware.camera"
17-->src\main\AndroidManifest.xml:8:19-57
18        android:required="false" />
18-->src\main\AndroidManifest.xml:8:58-82
19    <uses-feature
19-->src\main\AndroidManifest.xml:9:1-87
20        android:name="android.hardware.camera.front"
20-->src\main\AndroidManifest.xml:9:15-59
21        android:required="false" />
21-->src\main\AndroidManifest.xml:9:60-84
22
23    <uses-permission android:name="android.permission.SYSTEM_ALERT_WINDOW" />
23-->src\main\AndroidManifest.xml:10:1-73
23-->src\main\AndroidManifest.xml:10:18-71
24
25    <queries>
25-->src\main\AndroidManifest.xml:11:3-17:11
26        <intent>
26-->src\main\AndroidManifest.xml:12:3-15:12
27            <action android:name="android.intent.action.VIEW" />
27-->src\main\AndroidManifest.xml:13:5-57
27-->src\main\AndroidManifest.xml:13:13-54
28
29            <data
29-->src\main\AndroidManifest.xml:14:5-52
30                android:host="pay"
30-->src\main\AndroidManifest.xml:14:32-50
31                android:scheme="upi" />
31-->src\main\AndroidManifest.xml:14:11-31
32        </intent>
33
34        <package android:name="com.android.chrome" />
34-->src\main\AndroidManifest.xml:16:3-48
34-->src\main\AndroidManifest.xml:16:12-45
35
36        <intent>
36-->[:react-native-image-crop-picker] AndroidManifest.xml:10:9-12:18
37            <action android:name="android.media.action.IMAGE_CAPTURE" />
37-->[:react-native-image-crop-picker] AndroidManifest.xml:11:13-73
37-->[:react-native-image-crop-picker] AndroidManifest.xml:11:21-70
38        </intent>
39        <intent>
39-->[com.razorpay:checkout:1.6.29] AndroidManifest.xml:13:9-19:18
40            <action android:name="android.intent.action.VIEW" />
40-->src\main\AndroidManifest.xml:13:5-57
40-->src\main\AndroidManifest.xml:13:13-54
41
42            <data
42-->src\main\AndroidManifest.xml:14:5-52
43                android:mimeType="*/*"
44                android:scheme="*" />
44-->src\main\AndroidManifest.xml:14:11-31
45        </intent>
46        <intent>
46-->[com.razorpay:checkout:1.6.29] AndroidManifest.xml:20:9-29:18
47            <action android:name="android.intent.action.VIEW" />
47-->src\main\AndroidManifest.xml:13:5-57
47-->src\main\AndroidManifest.xml:13:13-54
48
49            <category android:name="android.intent.category.BROWSABLE" />
49-->[com.razorpay:checkout:1.6.29] AndroidManifest.xml:23:13-74
49-->[com.razorpay:checkout:1.6.29] AndroidManifest.xml:23:23-71
50
51            <data
51-->src\main\AndroidManifest.xml:14:5-52
52                android:host="pay"
52-->src\main\AndroidManifest.xml:14:32-50
53                android:mimeType="*/*"
54                android:scheme="upi" />
54-->src\main\AndroidManifest.xml:14:11-31
55        </intent>
56        <intent>
56-->[com.razorpay:checkout:1.6.29] AndroidManifest.xml:30:9-32:18
57            <action android:name="android.intent.action.MAIN" />
57-->src\main\AndroidManifest.xml:55:13-65
57-->src\main\AndroidManifest.xml:55:21-62
58        </intent>
59        <intent>
59-->[com.razorpay:checkout:1.6.29] AndroidManifest.xml:33:9-37:18
60            <action android:name="android.intent.action.SEND" />
60-->[com.razorpay:checkout:1.6.29] AndroidManifest.xml:34:13-65
60-->[com.razorpay:checkout:1.6.29] AndroidManifest.xml:34:21-62
61
62            <data android:mimeType="*/*" />
62-->src\main\AndroidManifest.xml:14:5-52
63        </intent>
64        <intent>
64-->[com.razorpay:checkout:1.6.29] AndroidManifest.xml:38:9-40:18
65            <action android:name="rzp.device_token.share" />
65-->[com.razorpay:checkout:1.6.29] AndroidManifest.xml:39:13-61
65-->[com.razorpay:checkout:1.6.29] AndroidManifest.xml:39:21-58
66        </intent>
67    </queries>
68
69    <uses-permission android:name="android.permission.WRITE_EXTERNAL_STORAGE" />
69-->[:react-native-fs] AndroidManifest.xml:9:5-81
69-->[:react-native-fs] AndroidManifest.xml:9:22-78
70    <uses-permission android:name="android.permission.ACCESS_NETWORK_STATE" />
70-->[com.cashfree.pg:android-sdk:1.7.28] AndroidManifest.xml:11:5-79
70-->[com.cashfree.pg:android-sdk:1.7.28] AndroidManifest.xml:11:22-76
71    <uses-permission android:name="android.permission.WAKE_LOCK" /> <!-- Required by older versions of Google Play services to create IID tokens -->
71-->[com.google.firebase:firebase-messaging:21.1.0] AndroidManifest.xml:23:5-68
71-->[com.google.firebase:firebase-messaging:21.1.0] AndroidManifest.xml:23:22-65
72    <uses-permission android:name="com.google.android.c2dm.permission.RECEIVE" />
72-->[com.google.firebase:firebase-messaging:21.1.0] AndroidManifest.xml:25:5-82
72-->[com.google.firebase:firebase-messaging:21.1.0] AndroidManifest.xml:25:22-79
73
74    <uses-feature
74-->[com.google.android.gms:play-services-maps:17.0.0] AndroidManifest.xml:26:5-28:35
75        android:glEsVersion="0x00020000"
75-->[com.google.android.gms:play-services-maps:17.0.0] AndroidManifest.xml:27:9-41
76        android:required="true" /> <!-- for android -->
76-->[com.google.android.gms:play-services-maps:17.0.0] AndroidManifest.xml:28:9-32
77    <!-- <uses-permission android:name="com.android.launcher.permission.READ_SETTINGS"/> -->
78    <!-- <uses-permission android:name="com.android.launcher.permission.WRITE_SETTINGS"/> -->
79    <!-- <uses-permission android:name="com.android.launcher.permission.INSTALL_SHORTCUT" /> -->
80    <!-- <uses-permission android:name="com.android.launcher.permission.UNINSTALL_SHORTCUT" /> -->
81    <!-- for Samsung -->
82    <uses-permission android:name="com.sec.android.provider.badge.permission.READ" />
82-->[me.leolin:ShortcutBadger:1.1.22] AndroidManifest.xml:19:5-86
82-->[me.leolin:ShortcutBadger:1.1.22] AndroidManifest.xml:19:22-83
83    <uses-permission android:name="com.sec.android.provider.badge.permission.WRITE" /> <!-- for htc -->
83-->[me.leolin:ShortcutBadger:1.1.22] AndroidManifest.xml:20:5-87
83-->[me.leolin:ShortcutBadger:1.1.22] AndroidManifest.xml:20:22-84
84    <uses-permission android:name="com.htc.launcher.permission.READ_SETTINGS" />
84-->[me.leolin:ShortcutBadger:1.1.22] AndroidManifest.xml:23:5-81
84-->[me.leolin:ShortcutBadger:1.1.22] AndroidManifest.xml:23:22-78
85    <uses-permission android:name="com.htc.launcher.permission.UPDATE_SHORTCUT" /> <!-- for sony -->
85-->[me.leolin:ShortcutBadger:1.1.22] AndroidManifest.xml:24:5-83
85-->[me.leolin:ShortcutBadger:1.1.22] AndroidManifest.xml:24:22-80
86    <uses-permission android:name="com.sonyericsson.home.permission.BROADCAST_BADGE" />
86-->[me.leolin:ShortcutBadger:1.1.22] AndroidManifest.xml:27:5-88
86-->[me.leolin:ShortcutBadger:1.1.22] AndroidManifest.xml:27:22-85
87    <uses-permission android:name="com.sonymobile.home.permission.PROVIDER_INSERT_BADGE" /> <!-- for apex -->
87-->[me.leolin:ShortcutBadger:1.1.22] AndroidManifest.xml:28:5-92
87-->[me.leolin:ShortcutBadger:1.1.22] AndroidManifest.xml:28:22-89
88    <uses-permission android:name="com.anddoes.launcher.permission.UPDATE_COUNT" /> <!-- for solid -->
88-->[me.leolin:ShortcutBadger:1.1.22] AndroidManifest.xml:31:5-84
88-->[me.leolin:ShortcutBadger:1.1.22] AndroidManifest.xml:31:22-81
89    <uses-permission android:name="com.majeur.launcher.permission.UPDATE_BADGE" /> <!-- for huawei -->
89-->[me.leolin:ShortcutBadger:1.1.22] AndroidManifest.xml:34:5-83
89-->[me.leolin:ShortcutBadger:1.1.22] AndroidManifest.xml:34:22-80
90    <uses-permission android:name="com.huawei.android.launcher.permission.CHANGE_BADGE" />
90-->[me.leolin:ShortcutBadger:1.1.22] AndroidManifest.xml:37:5-91
90-->[me.leolin:ShortcutBadger:1.1.22] AndroidManifest.xml:37:22-88
91    <uses-permission android:name="com.huawei.android.launcher.permission.READ_SETTINGS" />
91-->[me.leolin:ShortcutBadger:1.1.22] AndroidManifest.xml:38:5-92
91-->[me.leolin:ShortcutBadger:1.1.22] AndroidManifest.xml:38:22-89
92    <uses-permission android:name="com.huawei.android.launcher.permission.WRITE_SETTINGS" /> <!-- for ZUK -->
92-->[me.leolin:ShortcutBadger:1.1.22] AndroidManifest.xml:39:5-93
92-->[me.leolin:ShortcutBadger:1.1.22] AndroidManifest.xml:39:22-90
93    <uses-permission android:name="android.permission.READ_APP_BADGE" /> <!-- for OPPO -->
93-->[me.leolin:ShortcutBadger:1.1.22] AndroidManifest.xml:42:5-73
93-->[me.leolin:ShortcutBadger:1.1.22] AndroidManifest.xml:42:22-70
94    <uses-permission android:name="com.oppo.launcher.permission.READ_SETTINGS" />
94-->[me.leolin:ShortcutBadger:1.1.22] AndroidManifest.xml:45:5-82
94-->[me.leolin:ShortcutBadger:1.1.22] AndroidManifest.xml:45:22-79
95    <uses-permission android:name="com.oppo.launcher.permission.WRITE_SETTINGS" /> <!-- for EvMe -->
95-->[me.leolin:ShortcutBadger:1.1.22] AndroidManifest.xml:46:5-83
95-->[me.leolin:ShortcutBadger:1.1.22] AndroidManifest.xml:46:22-80
96    <uses-permission android:name="me.everything.badger.permission.BADGE_COUNT_READ" />
96-->[me.leolin:ShortcutBadger:1.1.22] AndroidManifest.xml:49:5-88
96-->[me.leolin:ShortcutBadger:1.1.22] AndroidManifest.xml:49:22-85
97    <uses-permission android:name="me.everything.badger.permission.BADGE_COUNT_WRITE" />
97-->[me.leolin:ShortcutBadger:1.1.22] AndroidManifest.xml:50:5-89
97-->[me.leolin:ShortcutBadger:1.1.22] AndroidManifest.xml:50:22-86
98
99    <application
99-->src\main\AndroidManifest.xml:19:5-59:19
100        android:name="com.prideesports.MainApplication"
100-->src\main\AndroidManifest.xml:21:7-38
101        android:allowBackup="false"
101-->src\main\AndroidManifest.xml:25:7-34
102        android:appComponentFactory="androidx.core.app.CoreComponentFactory"
102-->[androidx.core:core:1.7.0] AndroidManifest.xml:24:18-86
103        android:icon="@mipmap/ic_launcher"
103-->src\main\AndroidManifest.xml:23:7-41
104        android:label="@string/app_name"
104-->src\main\AndroidManifest.xml:22:7-39
105        android:roundIcon="@mipmap/ic_launcher_round"
105-->src\main\AndroidManifest.xml:24:7-52
106        android:supportsRtl="true"
106-->[com.cashfree.pg:android-sdk:1.7.28] AndroidManifest.xml:20:9-35
107        android:theme="@style/AppTheme"
107-->src\main\AndroidManifest.xml:26:7-38
108        android:usesCleartextTraffic="true" >
108-->src\main\AndroidManifest.xml:20:9-44
109        <meta-data
109-->src\main\AndroidManifest.xml:27:7-28:44
110            android:name="com.dieam.reactnativepushnotification.notification_foreground"
110-->src\main\AndroidManifest.xml:27:19-95
111            android:value="false" />
111-->src\main\AndroidManifest.xml:28:21-42
112        <meta-data
112-->src\main\AndroidManifest.xml:29:7-30:54
113            android:name="com.dieam.reactnativepushnotification.notification_color"
113-->src\main\AndroidManifest.xml:29:19-90
114            android:resource="@color/white" />
114-->src\main\AndroidManifest.xml:30:21-52
115
116        <receiver
116-->src\main\AndroidManifest.xml:31:9-134
117            android:name="com.dieam.reactnativepushnotification.modules.RNPushNotificationActions"
117-->src\main\AndroidManifest.xml:31:45-131
118            android:exported="false" />
118-->src\main\AndroidManifest.xml:31:20-44
119        <receiver
119-->src\main\AndroidManifest.xml:32:9-136
120            android:name="com.dieam.reactnativepushnotification.modules.RNPushNotificationPublisher"
120-->src\main\AndroidManifest.xml:32:45-133
121            android:exported="false" />
121-->src\main\AndroidManifest.xml:32:20-44
122        <receiver
122-->src\main\AndroidManifest.xml:33:9-39:20
123            android:name="com.dieam.reactnativepushnotification.modules.RNPushNotificationBootEventReceiver"
123-->src\main\AndroidManifest.xml:33:45-141
124            android:exported="false" >
124-->src\main\AndroidManifest.xml:33:20-44
125            <intent-filter>
125-->src\main\AndroidManifest.xml:34:11-38:29
126                <action android:name="android.intent.action.BOOT_COMPLETED" />
126-->src\main\AndroidManifest.xml:35:17-79
126-->src\main\AndroidManifest.xml:35:25-76
127                <action android:name="android.intent.action.QUICKBOOT_POWERON" />
127-->src\main\AndroidManifest.xml:36:17-82
127-->src\main\AndroidManifest.xml:36:25-79
128                <action android:name="com.htc.intent.action.QUICKBOOT_POWERON" />
128-->src\main\AndroidManifest.xml:37:17-81
128-->src\main\AndroidManifest.xml:37:25-79
129            </intent-filter>
130        </receiver>
131
132        <service
132-->src\main\AndroidManifest.xml:40:9-46:19
133            android:name="com.dieam.reactnativepushnotification.modules.RNPushNotificationListenerService"
133-->src\main\AndroidManifest.xml:41:13-107
134            android:exported="false" >
134-->src\main\AndroidManifest.xml:42:13-37
135            <intent-filter>
135-->src\main\AndroidManifest.xml:43:13-45:29
136                <action android:name="com.google.firebase.MESSAGING_EVENT" />
136-->src\main\AndroidManifest.xml:44:17-78
136-->src\main\AndroidManifest.xml:44:25-75
137            </intent-filter>
138        </service>
139
140        <activity
140-->src\main\AndroidManifest.xml:47:7-58:18
141            android:name="com.prideesports.MainActivity"
141-->src\main\AndroidManifest.xml:48:9-37
142            android:configChanges="keyboard|keyboardHidden|orientation|screenLayout|screenSize|smallestScreenSize|uiMode"
142-->src\main\AndroidManifest.xml:50:9-118
143            android:exported="true"
143-->src\main\AndroidManifest.xml:53:9-32
144            android:label="@string/app_name"
144-->src\main\AndroidManifest.xml:49:9-41
145            android:launchMode="singleTask"
145-->src\main\AndroidManifest.xml:51:9-40
146            android:windowSoftInputMode="adjustResize" >
146-->src\main\AndroidManifest.xml:52:9-51
147            <intent-filter>
147-->src\main\AndroidManifest.xml:54:9-57:25
148                <action android:name="android.intent.action.MAIN" />
148-->src\main\AndroidManifest.xml:55:13-65
148-->src\main\AndroidManifest.xml:55:21-62
149
150                <category android:name="android.intent.category.LAUNCHER" />
150-->src\main\AndroidManifest.xml:56:13-73
150-->src\main\AndroidManifest.xml:56:23-70
151            </intent-filter>
152        </activity>
153
154        <provider
154-->[:react-native-image-crop-picker] AndroidManifest.xml:18:9-26:20
155            android:name="com.reactnative.ivpusic.imagepicker.IvpusicImagePickerFileProvider"
155-->[:react-native-image-crop-picker] AndroidManifest.xml:19:13-94
156            android:authorities="com.prideesports.provider"
156-->[:react-native-image-crop-picker] AndroidManifest.xml:20:13-60
157            android:exported="false"
157-->[:react-native-image-crop-picker] AndroidManifest.xml:21:13-37
158            android:grantUriPermissions="true" >
158-->[:react-native-image-crop-picker] AndroidManifest.xml:22:13-47
159            <meta-data
159-->[:react-native-image-crop-picker] AndroidManifest.xml:23:13-25:78
160                android:name="android.support.FILE_PROVIDER_PATHS"
160-->[:react-native-image-crop-picker] AndroidManifest.xml:24:17-67
161                android:resource="@xml/ivpusic_imagepicker_provider_paths" />
161-->[:react-native-image-crop-picker] AndroidManifest.xml:25:17-75
162        </provider>
163
164        <activity
164-->[:react-native-image-crop-picker] AndroidManifest.xml:28:9-30:72
165            android:name="com.yalantis.ucrop.UCropActivity"
165-->[:react-native-image-crop-picker] AndroidManifest.xml:29:13-60
166            android:theme="@style/Theme.AppCompat.Light.NoActionBar" />
166-->[:react-native-image-crop-picker] AndroidManifest.xml:30:13-69
167
168        <meta-data
168-->[:react-native-pg-react-native-sdk] AndroidManifest.xml:10:9-12:69
169            android:name="com.google.android.gms.version"
169-->[:react-native-pg-react-native-sdk] AndroidManifest.xml:11:13-58
170            android:value="@integer/google_play_services_version" />
170-->[:react-native-pg-react-native-sdk] AndroidManifest.xml:12:13-66
171
172        <activity
172-->[:react-native-razorpay] AndroidManifest.xml:10:9-12:86
173            android:name="com.razorpay.CheckoutActivity"
173-->[:react-native-razorpay] AndroidManifest.xml:11:13-57
174            android:configChanges="keyboard|keyboardHidden|orientation|screenSize"
174-->[:react-native-razorpay] AndroidManifest.xml:12:13-83
175            android:exported="true"
175-->[com.razorpay:checkout:1.6.29] AndroidManifest.xml:56:13-36
176            android:theme="@style/CheckoutTheme" >
176-->[com.razorpay:checkout:1.6.29] AndroidManifest.xml:57:13-49
177            <intent-filter>
177-->[com.razorpay:checkout:1.6.29] AndroidManifest.xml:58:13-60:29
178                <action android:name="android.intent.action.MAIN" />
178-->src\main\AndroidManifest.xml:55:13-65
178-->src\main\AndroidManifest.xml:55:21-62
179            </intent-filter>
180        </activity>
181
182        <provider
182-->[:react-native-webview] AndroidManifest.xml:10:9-18:20
183            android:name="com.reactnativecommunity.webview.RNCWebViewFileProvider"
183-->[:react-native-webview] AndroidManifest.xml:11:13-83
184            android:authorities="com.prideesports.fileprovider"
184-->[:react-native-webview] AndroidManifest.xml:12:13-64
185            android:exported="false"
185-->[:react-native-webview] AndroidManifest.xml:13:13-37
186            android:grantUriPermissions="true" >
186-->[:react-native-webview] AndroidManifest.xml:14:13-47
187            <meta-data
187-->[:react-native-image-crop-picker] AndroidManifest.xml:23:13-25:78
188                android:name="android.support.FILE_PROVIDER_PATHS"
188-->[:react-native-image-crop-picker] AndroidManifest.xml:24:17-67
189                android:resource="@xml/file_provider_paths" />
189-->[:react-native-image-crop-picker] AndroidManifest.xml:25:17-75
190        </provider>
191
192        <activity
192-->[com.cashfree.pg:android-sdk:1.7.28] AndroidManifest.xml:22:9-25:72
193            android:name="com.cashfree.pg.ui.web_checkout.CFPaymentActivity"
193-->[com.cashfree.pg:android-sdk:1.7.28] AndroidManifest.xml:23:13-77
194            android:exported="false"
194-->[com.cashfree.pg:android-sdk:1.7.28] AndroidManifest.xml:24:13-37
195            android:theme="@style/Theme.AppCompat.Light.NoActionBar" />
195-->[com.cashfree.pg:android-sdk:1.7.28] AndroidManifest.xml:25:13-69
196        <activity
196-->[com.cashfree.pg:android-sdk:1.7.28] AndroidManifest.xml:26:9-29:66
197            android:name="com.cashfree.pg.ui.CFResponseHandlerActivity"
197-->[com.cashfree.pg:android-sdk:1.7.28] AndroidManifest.xml:27:13-72
198            android:exported="false"
198-->[com.cashfree.pg:android-sdk:1.7.28] AndroidManifest.xml:28:13-37
199            android:theme="@style/Theme.AppCompat.Translucent" />
199-->[com.cashfree.pg:android-sdk:1.7.28] AndroidManifest.xml:29:13-63
200        <activity
200-->[com.cashfree.pg:android-sdk:1.7.28] AndroidManifest.xml:30:9-33:66
201            android:name="com.cashfree.pg.ui.upi.CFUPIPaymentActivity"
201-->[com.cashfree.pg:android-sdk:1.7.28] AndroidManifest.xml:31:13-71
202            android:exported="false"
202-->[com.cashfree.pg:android-sdk:1.7.28] AndroidManifest.xml:32:13-37
203            android:theme="@style/Theme.AppCompat.Translucent" />
203-->[com.cashfree.pg:android-sdk:1.7.28] AndroidManifest.xml:33:13-63
204        <activity
204-->[com.cashfree.pg:android-sdk:1.7.28] AndroidManifest.xml:34:9-37:66
205            android:name="com.cashfree.pg.ui.amazonpay.AmazonPayActivity"
205-->[com.cashfree.pg:android-sdk:1.7.28] AndroidManifest.xml:35:13-74
206            android:exported="false"
206-->[com.cashfree.pg:android-sdk:1.7.28] AndroidManifest.xml:36:13-37
207            android:theme="@style/Theme.AppCompat.Translucent" />
207-->[com.cashfree.pg:android-sdk:1.7.28] AndroidManifest.xml:37:13-63
208        <activity
208-->[com.cashfree.pg:android-sdk:1.7.28] AndroidManifest.xml:38:9-41:66
209            android:name="com.cashfree.pg.ui.gpay.GooglePayActivity"
209-->[com.cashfree.pg:android-sdk:1.7.28] AndroidManifest.xml:39:13-69
210            android:exported="false"
210-->[com.cashfree.pg:android-sdk:1.7.28] AndroidManifest.xml:40:13-37
211            android:theme="@style/Theme.AppCompat.Translucent" />
211-->[com.cashfree.pg:android-sdk:1.7.28] AndroidManifest.xml:41:13-63
212        <activity
212-->[com.cashfree.pg:android-sdk:1.7.28] AndroidManifest.xml:42:9-45:66
213            android:name="com.cashfree.pg.ui.phonepe.CFPhonePayActivity"
213-->[com.cashfree.pg:android-sdk:1.7.28] AndroidManifest.xml:43:13-73
214            android:exported="false"
214-->[com.cashfree.pg:android-sdk:1.7.28] AndroidManifest.xml:44:13-37
215            android:theme="@style/Theme.AppCompat.Translucent" />
215-->[com.cashfree.pg:android-sdk:1.7.28] AndroidManifest.xml:45:13-63
216        <activity
216-->[com.cashfree.pg:android-sdk:1.7.28] AndroidManifest.xml:46:9-49:72
217            android:name="com.cashfree.pg.ui.simulator.CFUPITestAppActivity"
217-->[com.cashfree.pg:android-sdk:1.7.28] AndroidManifest.xml:47:13-77
218            android:exported="false"
218-->[com.cashfree.pg:android-sdk:1.7.28] AndroidManifest.xml:48:13-37
219            android:theme="@style/Theme.AppCompat.Light.NoActionBar" />
219-->[com.cashfree.pg:android-sdk:1.7.28] AndroidManifest.xml:49:13-69
220        <activity
220-->[com.cashfree.pg:android-sdk:1.7.28] AndroidManifest.xml:50:9-53:66
221            android:name="com.cashfree.pg.ui.simulator.CFUPITestActivity"
221-->[com.cashfree.pg:android-sdk:1.7.28] AndroidManifest.xml:51:13-74
222            android:exported="false"
222-->[com.cashfree.pg:android-sdk:1.7.28] AndroidManifest.xml:52:13-37
223            android:theme="@style/Theme.AppCompat.Translucent" />
223-->[com.cashfree.pg:android-sdk:1.7.28] AndroidManifest.xml:53:13-63
224
225        <provider
225-->[com.cashfree.pg:android-sdk:1.7.28] AndroidManifest.xml:55:9-58:40
226            android:name="com.cashfree.pg.CashfreeAndroidSdkContentProvider"
226-->[com.cashfree.pg:android-sdk:1.7.28] AndroidManifest.xml:56:13-77
227            android:authorities="com.prideesports.cashfreeandroidsdkcontentprovider"
227-->[com.cashfree.pg:android-sdk:1.7.28] AndroidManifest.xml:57:13-85
228            android:exported="false" />
228-->[com.cashfree.pg:android-sdk:1.7.28] AndroidManifest.xml:58:13-37
229
230        <meta-data
230-->[com.cashfree.pg:android-sdk:1.7.28] AndroidManifest.xml:60:9-62:78
231            android:name="cashfree_pg_core_auto_initialization_enabled"
231-->[com.cashfree.pg:android-sdk:1.7.28] AndroidManifest.xml:61:13-72
232            android:value="@bool/cashfree_pg_core_auto_initialize_enabled" />
232-->[com.cashfree.pg:android-sdk:1.7.28] AndroidManifest.xml:62:13-75
233        <meta-data
233-->[com.cashfree.pg:android-sdk:1.7.28] AndroidManifest.xml:63:9-65:72
234            android:name="cashfree_pg_core_reporting_enabled"
234-->[com.cashfree.pg:android-sdk:1.7.28] AndroidManifest.xml:64:13-62
235            android:value="@bool/cashfree_pg_core_reporting_enabled" />
235-->[com.cashfree.pg:android-sdk:1.7.28] AndroidManifest.xml:65:13-69
236        <meta-data
236-->[com.github.bumptech.glide:okhttp3-integration:4.12.0] AndroidManifest.xml:11:9-13:43
237            android:name="com.bumptech.glide.integration.okhttp3.OkHttpGlideModule"
237-->[com.github.bumptech.glide:okhttp3-integration:4.12.0] AndroidManifest.xml:12:13-84
238            android:value="GlideModule" />
238-->[com.github.bumptech.glide:okhttp3-integration:4.12.0] AndroidManifest.xml:13:13-40
239
240        <receiver
240-->[com.razorpay:checkout:1.6.29] AndroidManifest.xml:44:9-51:20
241            android:name="com.razorpay.RzpTokenReceiver"
241-->[com.razorpay:checkout:1.6.29] AndroidManifest.xml:45:13-57
242            android:exported="true" >
242-->[com.razorpay:checkout:1.6.29] AndroidManifest.xml:46:13-36
243            <intent-filter>
243-->[com.razorpay:checkout:1.6.29] AndroidManifest.xml:48:13-50:29
244                <action android:name="rzp.device_token.share" />
244-->[com.razorpay:checkout:1.6.29] AndroidManifest.xml:39:13-61
244-->[com.razorpay:checkout:1.6.29] AndroidManifest.xml:39:21-58
245            </intent-filter>
246        </receiver>
247
248        <meta-data
248-->[com.razorpay:checkout:1.6.29] AndroidManifest.xml:63:9-65:58
249            android:name="com.razorpay.plugin.googlepay_all"
249-->[com.razorpay:checkout:1.6.29] AndroidManifest.xml:64:13-61
250            android:value="com.razorpay.RzpGpayMerged" />
250-->[com.razorpay:checkout:1.6.29] AndroidManifest.xml:65:13-55
251
252        <activity
252-->[com.google.android.gms:play-services-auth:17.0.0] AndroidManifest.xml:23:9-27:75
253            android:name="com.google.android.gms.auth.api.signin.internal.SignInHubActivity"
253-->[com.google.android.gms:play-services-auth:17.0.0] AndroidManifest.xml:24:13-93
254            android:excludeFromRecents="true"
254-->[com.google.android.gms:play-services-auth:17.0.0] AndroidManifest.xml:25:13-46
255            android:exported="false"
255-->[com.google.android.gms:play-services-auth:17.0.0] AndroidManifest.xml:26:13-37
256            android:theme="@android:style/Theme.Translucent.NoTitleBar" />
256-->[com.google.android.gms:play-services-auth:17.0.0] AndroidManifest.xml:27:13-72
257        <!--
258            Service handling Google Sign-In user revocation. For apps that do not integrate with
259            Google Sign-In, this service will never be started.
260        -->
261        <service
261-->[com.google.android.gms:play-services-auth:17.0.0] AndroidManifest.xml:33:9-36:110
262            android:name="com.google.android.gms.auth.api.signin.RevocationBoundService"
262-->[com.google.android.gms:play-services-auth:17.0.0] AndroidManifest.xml:34:13-89
263            android:exported="true"
263-->[com.google.android.gms:play-services-auth:17.0.0] AndroidManifest.xml:35:13-36
264            android:permission="com.google.android.gms.auth.api.signin.permission.REVOCATION_NOTIFICATION" />
264-->[com.google.android.gms:play-services-auth:17.0.0] AndroidManifest.xml:36:13-107
265
266        <receiver
266-->[com.google.firebase:firebase-messaging:21.1.0] AndroidManifest.xml:28:9-35:20
267            android:name="com.google.firebase.iid.FirebaseInstanceIdReceiver"
267-->[com.google.firebase:firebase-messaging:21.1.0] AndroidManifest.xml:29:13-78
268            android:exported="true"
268-->[com.google.firebase:firebase-messaging:21.1.0] AndroidManifest.xml:30:13-36
269            android:permission="com.google.android.c2dm.permission.SEND" >
269-->[com.google.firebase:firebase-messaging:21.1.0] AndroidManifest.xml:31:13-73
270            <intent-filter>
270-->[com.google.firebase:firebase-messaging:21.1.0] AndroidManifest.xml:32:13-34:29
271                <action android:name="com.google.android.c2dm.intent.RECEIVE" />
271-->[com.google.firebase:firebase-messaging:21.1.0] AndroidManifest.xml:33:17-81
271-->[com.google.firebase:firebase-messaging:21.1.0] AndroidManifest.xml:33:25-78
272            </intent-filter>
273        </receiver>
274        <!--
275             FirebaseMessagingService performs security checks at runtime,
276             but set to not exported to explicitly avoid allowing another app to call it.
277        -->
278        <service
278-->[com.google.firebase:firebase-messaging:21.1.0] AndroidManifest.xml:41:9-48:19
279            android:name="com.google.firebase.messaging.FirebaseMessagingService"
279-->[com.google.firebase:firebase-messaging:21.1.0] AndroidManifest.xml:42:13-82
280            android:directBootAware="true"
280-->[com.google.firebase:firebase-messaging:21.1.0] AndroidManifest.xml:43:13-43
281            android:exported="false" >
281-->[com.google.firebase:firebase-messaging:21.1.0] AndroidManifest.xml:44:13-37
282            <intent-filter android:priority="-500" >
282-->src\main\AndroidManifest.xml:43:13-45:29
283                <action android:name="com.google.firebase.MESSAGING_EVENT" />
283-->src\main\AndroidManifest.xml:44:17-78
283-->src\main\AndroidManifest.xml:44:25-75
284            </intent-filter>
285        </service>
286        <service
286-->[com.google.firebase:firebase-messaging:21.1.0] AndroidManifest.xml:49:9-55:19
287            android:name="com.google.firebase.components.ComponentDiscoveryService"
287-->[com.google.firebase:firebase-messaging:21.1.0] AndroidManifest.xml:50:13-84
288            android:directBootAware="true"
288-->[com.google.firebase:firebase-common:19.5.0] AndroidManifest.xml:35:13-43
289            android:exported="false" >
289-->[com.google.firebase:firebase-messaging:21.1.0] AndroidManifest.xml:51:13-37
290            <meta-data
290-->[com.google.firebase:firebase-messaging:21.1.0] AndroidManifest.xml:52:13-54:85
291                android:name="com.google.firebase.components:com.google.firebase.messaging.FirebaseMessagingRegistrar"
291-->[com.google.firebase:firebase-messaging:21.1.0] AndroidManifest.xml:53:17-119